<?xml version="1.0" encoding="UTF-8"?>
<!-- Generated by org.testng.reporters.JUnitReportReporter -->
<testsuite hostname="DESKTOP-7LU83AO" failures="0" tests="1" name="test.LoginTest" time="5.083" errors="0" timestamp="2023-10-14T22:00:00 CDT" skipped="0">
  <testcase classname="test.LoginTest" name="validUserShouldBeAbleToLogin" time="5.083"/>
</testsuite> <!-- test.LoginTest -->
