<?xml version="1.0" encoding="UTF-8"?>
<!-- Generated by org.testng.reporters.JUnitReportReporter -->
<testsuite hostname="DESKTOP-7LU83AO" failures="0" tests="1" name="test.LoginTest" time="4.555" errors="0" timestamp="2023-10-14T21:40:09 CDT" skipped="0">
  <testcase classname="test.LoginTest" name="validUserShouldBeAbleToLogin" time="4.555"/>
</testsuite> <!-- test.LoginTest -->
